<test name="test1">
  <check line="10" expression="b == a + 3">
  <call obtained="u(2)None" expected="u(3)None">
</test>
<test name="test2">
  <check line="18" expression="a == 0">
  <call obtained="f(4, 2)4" expected="f(4, 2)3">
</test>
<test name="test3">
  <check line="27" expression="a == 0">
  <check line="27" expression="b == a + 3">
  <check line="29" expression="!b">
</test>
<test name="test4">
  <check line="35" expression="a == 3">
  <check line="35" expression="b == 6">
  <check line="37" expression="b == a + 3">
</test>
